app/build/outputs/logs/manifest-merger-debug-report.txt
-- Merging decision tree log ---
manifest
ADDED from src\main\AndroidManifest.xml:2:1-237:12
	package
		ADDED from src\main\AndroidManifest.xml:3:5-37
		INJECTED from src\main\AndroidManifest.xml
		INJECTED from src\main\AndroidManifest.xml
	android:versionName
		ADDED from src\main\AndroidManifest.xml:5:5-30
	android:versionCode
		ADDED from src\main\AndroidManifest.xml:4:5-28
		INJECTED from src\main\AndroidManifest.xml
		INJECTED from src\main\AndroidManifest.xml
	xmlns:android
		ADDED from src\main\AndroidManifest.xml:2:11-69
uses-sdk
ADDED from src\main\AndroidManifest.xml:7:5-9:41
MERGED from [com.android.support:appcompat-v7:18.0.0] AndroidManifest.xml:18:5-42
MERGED from [com.android.support:support-v4:23.0.0] AndroidManifest.xml:20:5-43
MERGED from [com.android.support:support-v4:23.0.0] AndroidManifest.xml:20:5-43
MERGED from [com.google.android.gms:play-services-maps:8.4.0] AndroidManifest.xml:26:5-42
MERGED from [com.google.android.gms:play-services-base:8.4.0] AndroidManifest.xml:18:5-42
MERGED from [com.google.android.gms:play-services-basement:8.4.0] AndroidManifest.xml:18:5-42
MERGED from [com.android.support:support-v4:23.0.0] AndroidManifest.xml:20:5-43
MERGED from [com.jjoe64:graphview:4.0.1] AndroidManifest.xml:7:5-9:41
MERGED from [com.android.support:support-v4:23.0.0] AndroidManifest.xml:20:5-43
MERGED from [com.google.android.gms:play-services-appindexing:8.4.0] AndroidManifest.xml:18:5-42
MERGED from [com.google.android.gms:play-services-base:8.4.0] AndroidManifest.xml:18:5-42
MERGED from [com.google.android.gms:play-services-basement:8.4.0] AndroidManifest.xml:18:5-42
MERGED from [com.android.support:support-v4:23.0.0] AndroidManifest.xml:20:5-43
	android:targetSdkVersion
		ADDED from src\main\AndroidManifest.xml:9:9-38
		INJECTED from src\main\AndroidManifest.xml
		INJECTED from src\main\AndroidManifest.xml
	android:minSdkVersion
		ADDED from src\main\AndroidManifest.xml:8:9-35
		INJECTED from src\main\AndroidManifest.xml
		INJECTED from src\main\AndroidManifest.xml
uses-feature#0x00020000
ADDED from src\main\AndroidManifest.xml:11:5-13:35
MERGED from [com.google.android.gms:play-services-maps:8.4.0] AndroidManifest.xml:22:5-24:33
	android:glEsVersion
		ADDED from src\main\AndroidManifest.xml:12:9-41
	android:required
		ADDED from src\main\AndroidManifest.xml:13:9-32
uses-permission#android.permission.READ_PHONE_STATE
ADDED from src\main\AndroidManifest.xml:15:5-75
	android:name
		ADDED from src\main\AndroidManifest.xml:15:22-72
uses-permission#android.permission.ACCESS_COARSE_LOCATION
ADDED from src\main\AndroidManifest.xml:16:5-81
	android:name
		ADDED from src\main\AndroidManifest.xml:16:22-78
uses-permission#android.permission.CHANGE_NETWORK_STATE
ADDED from src\main\AndroidManifest.xml:17:5-79
	android:name
		ADDED from src\main\AndroidManifest.xml:17:22-76
uses-permission#android.permission.BLUETOOTH
ADDED from src\main\AndroidManifest.xml:18:5-68
	android:name
		ADDED from src\main\AndroidManifest.xml:18:22-65
uses-permission#android.permission.BLUETOOTH_ADMIN
ADDED from src\main\AndroidManifest.xml:19:5-74
	android:name
		ADDED from src\main\AndroidManifest.xml:19:22-71
uses-permission#android.permission.ACCESS_FINE_LOCATION
ADDED from src\main\AndroidManifest.xml:20:5-78
	android:name
		ADDED from src\main\AndroidManifest.xml:20:22-76
uses-permission#android.permission.INTERNET
ADDED from src\main\AndroidManifest.xml:21:5-66
MERGED from [com.google.android.gms:play-services-maps:8.4.0] AndroidManifest.xml:21:5-66
	android:name
		ADDED from src\main\AndroidManifest.xml:21:22-64
uses-permission#android.permission.ACCESS_NETWORK_STATE
ADDED from src\main\AndroidManifest.xml:22:5-78
MERGED from [com.google.android.gms:play-services-maps:8.4.0] AndroidManifest.xml:20:5-78
	android:name
		ADDED from src\main\AndroidManifest.xml:22:22-76
uses-permission#android.permission.ACCESS_COARSE_UPDATES
ADDED from src\main\AndroidManifest.xml:23:5-79
	android:name
		ADDED from src\main\AndroidManifest.xml:23:22-77
application
ADDED from src\main\AndroidManifest.xml:26:5-235:19
MERGED from [com.android.support:appcompat-v7:18.0.0] AndroidManifest.xml:19:5-20
MERGED from [com.android.support:support-v4:23.0.0] AndroidManifest.xml:22:5-20
MERGED from [com.android.support:support-v4:23.0.0] AndroidManifest.xml:22:5-20
MERGED from [com.google.android.gms:play-services-maps:8.4.0] AndroidManifest.xml:27:5-20
MERGED from [com.google.android.gms:play-services-basement:8.4.0] AndroidManifest.xml:20:5-24:19
MERGED from [com.android.support:support-v4:23.0.0] AndroidManifest.xml:22:5-20
MERGED from [com.jjoe64:graphview:4.0.1] AndroidManifest.xml:11:5-12:19
MERGED from [com.android.support:support-v4:23.0.0] AndroidManifest.xml:22:5-20
MERGED from [com.google.android.gms:play-services-appindexing:8.4.0] AndroidManifest.xml:19:5-20
MERGED from [com.google.android.gms:play-services-basement:8.4.0] AndroidManifest.xml:20:5-24:19
MERGED from [com.android.support:support-v4:23.0.0] AndroidManifest.xml:22:5-20
	android:label
		ADDED from src\main\AndroidManifest.xml:29:9-41
	android:allowBackup
		ADDED from src\main\AndroidManifest.xml:27:9-35
	android:icon
		ADDED from src\main\AndroidManifest.xml:28:9-45
	android:theme
		ADDED from src\main\AndroidManifest.xml:30:9-50
uses-library#com.google.android.maps
ADDED from src\main\AndroidManifest.xml:32:9-64
	android:name
		ADDED from src\main\AndroidManifest.xml:32:23-61
meta-data#com.google.android.maps.v2.API_KEY
ADDED from src\main\AndroidManifest.xml:34:9-36:71
	android:value
		ADDED from src\main\AndroidManifest.xml:36:13-69
	android:name
		ADDED from src\main\AndroidManifest.xml:35:13-62
activity#com.example.analizator.Glowna
ADDED from src\main\AndroidManifest.xml:38:9-45:20
	android:label
		ADDED from src\main\AndroidManifest.xml:40:13-45
	android:name
		ADDED from src\main\AndroidManifest.xml:39:13-35
intent-filter#android.intent.action.MAIN+android.intent.category.LAUNCHER
ADDED from src\main\AndroidManifest.xml:41:13-44:29
action#android.intent.action.MAIN
ADDED from src\main\AndroidManifest.xml:42:17-69
	android:name
		ADDED from src\main\AndroidManifest.xml:42:25-66
category#android.intent.category.LAUNCHER
ADDED from src\main\AndroidManifest.xml:43:17-77
	android:name
		ADDED from src\main\AndroidManifest.xml:43:27-74
activity#com.example.analizator.RaportZbiorczyGlowny
ADDED from src\main\AndroidManifest.xml:47:9-53:20
	android:label
		ADDED from src\main\AndroidManifest.xml:49:13-50
	android:name
		ADDED from src\main\AndroidManifest.xml:48:13-49
intent-filter#android.intent.category.LAUNCHER
ADDED from src\main\AndroidManifest.xml:50:13-52:29
activity#com.example.analizator.RaportZbiorczySiec
ADDED from src\main\AndroidManifest.xml:55:9-61:20
	android:label
		ADDED from src\main\AndroidManifest.xml:57:13-50
	android:name
		ADDED from src\main\AndroidManifest.xml:56:13-47
activity#com.example.analizator.RaportZbiorczy
ADDED from src\main\AndroidManifest.xml:63:9-69:20
	android:label
		ADDED from src\main\AndroidManifest.xml:65:13-50
	android:name
		ADDED from src\main\AndroidManifest.xml:64:13-43
activity#com.example.analizator.Pomiary
ADDED from src\main\AndroidManifest.xml:71:9-79:20
	android:label
		ADDED from src\main\AndroidManifest.xml:75:13-49
	android:icon
		ADDED from src\main\AndroidManifest.xml:72:13-49
	android:theme
		ADDED from src\main\AndroidManifest.xml:73:13-54
	android:name
		ADDED from src\main\AndroidManifest.xml:74:13-36
activity#com.example.analizator.Bateryjka
ADDED from src\main\AndroidManifest.xml:81:9-89:20
	android:label
		ADDED from src\main\AndroidManifest.xml:85:13-51
	android:icon
		ADDED from src\main\AndroidManifest.xml:84:13-54
	android:theme
		ADDED from src\main\AndroidManifest.xml:82:13-54
	android:name
		ADDED from src\main\AndroidManifest.xml:83:13-38
intent-filter#android.intent.category.INFO
ADDED from src\main\AndroidManifest.xml:86:13-88:29
category#android.intent.category.INFO
ADDED from src\main\AndroidManifest.xml:87:17-72
	android:name
		ADDED from src\main\AndroidManifest.xml:87:27-70
activity#com.example.analizator.GPS
ADDED from src\main\AndroidManifest.xml:91:9-99:20
	android:label
		ADDED from src\main\AndroidManifest.xml:94:13-45
	android:icon
		ADDED from src\main\AndroidManifest.xml:93:13-50
	android:theme
		ADDED from src\main\AndroidManifest.xml:92:13-54
	android:name
		ADDED from src\main\AndroidManifest.xml:91:19-38
activity#com.example.analizator.GPS_MAPA
ADDED from src\main\AndroidManifest.xml:100:9-108:20
	android:label
		ADDED from src\main\AndroidManifest.xml:103:13-50
	android:icon
		ADDED from src\main\AndroidManifest.xml:102:13-50
	android:theme
		ADDED from src\main\AndroidManifest.xml:101:13-54
	android:name
		ADDED from src\main\AndroidManifest.xml:100:19-43
activity#com.example.analizator.Akcelerometr
ADDED from src\main\AndroidManifest.xml:109:9-117:20
	android:label
		ADDED from src\main\AndroidManifest.xml:112:13-54
	android:icon
		ADDED from src\main\AndroidManifest.xml:111:13-55
	android:theme
		ADDED from src\main\AndroidManifest.xml:110:13-54
	android:name
		ADDED from src\main\AndroidManifest.xml:109:19-47
activity#com.example.analizator.Zyroskop
ADDED from src\main\AndroidManifest.xml:118:9-126:20
	android:label
		ADDED from src\main\AndroidManifest.xml:121:13-50
	android:icon
		ADDED from src\main\AndroidManifest.xml:120:13-55
	android:theme
		ADDED from src\main\AndroidManifest.xml:119:13-54
	android:name
		ADDED from src\main\AndroidManifest.xml:118:19-43
activity#com.example.analizator.IglaMagnetyczna
ADDED from src\main\AndroidManifest.xml:128:9-136:20
	android:label
		ADDED from src\main\AndroidManifest.xml:131:13-58
	android:icon
		ADDED from src\main\AndroidManifest.xml:130:13-52
	android:theme
		ADDED from src\main\AndroidManifest.xml:129:13-54
	android:name
		ADDED from src\main\AndroidManifest.xml:128:19-50
activity#com.example.analizator.Barometr
ADDED from src\main\AndroidManifest.xml:137:9-145:20
	android:label
		ADDED from src\main\AndroidManifest.xml:140:13-50
	android:icon
		ADDED from src\main\AndroidManifest.xml:139:13-54
	android:theme
		ADDED from src\main\AndroidManifest.xml:138:13-54
	android:name
		ADDED from src\main\AndroidManifest.xml:137:19-43
activity#com.example.analizator.Orientacja
ADDED from src\main\AndroidManifest.xml:146:9-154:20
	android:label
		ADDED from src\main\AndroidManifest.xml:149:13-52
	android:icon
		ADDED from src\main\AndroidManifest.xml:148:13-52
	android:theme
		ADDED from src\main\AndroidManifest.xml:147:13-54
	android:name
		ADDED from src\main\AndroidManifest.xml:146:19-45
activity#com.example.analizator.Oswietlenie
ADDED from src\main\AndroidManifest.xml:155:9-163:20
	android:label
		ADDED from src\main\AndroidManifest.xml:158:13-53
	android:icon
		ADDED from src\main\AndroidManifest.xml:157:13-54
	android:theme
		ADDED from src\main\AndroidManifest.xml:156:13-54
	android:name
		ADDED from src\main\AndroidManifest.xml:155:19-46
activity#com.example.analizator.Temperatura
ADDED from src\main\AndroidManifest.xml:164:9-172:20
	android:label
		ADDED from src\main\AndroidManifest.xml:167:13-51
	android:icon
		ADDED from src\main\AndroidManifest.xml:166:13-55
	android:theme
		ADDED from src\main\AndroidManifest.xml:165:13-54
	android:name
		ADDED from src\main\AndroidManifest.xml:164:19-46
activity#com.example.analizator.Lacznosc
ADDED from src\main\AndroidManifest.xml:173:9-181:20
	android:label
		ADDED from src\main\AndroidManifest.xml:176:13-50
	android:icon
		ADDED from src\main\AndroidManifest.xml:175:13-49
	android:theme
		ADDED from src\main\AndroidManifest.xml:174:13-54
	android:name
		ADDED from src\main\AndroidManifest.xml:173:19-43
activity#com.example.analizator.Wifi
ADDED from src\main\AndroidManifest.xml:182:9-190:20
	android:label
		ADDED from src\main\AndroidManifest.xml:185:13-46
	android:icon
		ADDED from src\main\AndroidManifest.xml:184:13-51
	android:theme
		ADDED from src\main\AndroidManifest.xml:183:13-54
	android:name
		ADDED from src\main\AndroidManifest.xml:182:19-39
activity#com.example.analizator.MojSystem
ADDED from src\main\AndroidManifest.xml:191:9-199:20
	android:label
		ADDED from src\main\AndroidManifest.xml:194:13-48
	android:icon
		ADDED from src\main\AndroidManifest.xml:193:13-53
	android:theme
		ADDED from src\main\AndroidManifest.xml:192:13-54
	android:name
		ADDED from src\main\AndroidManifest.xml:191:19-44
activity#com.example.analizator.NFC
ADDED from src\main\AndroidManifest.xml:200:9-208:20
	android:label
		ADDED from src\main\AndroidManifest.xml:203:13-45
	android:icon
		ADDED from src\main\AndroidManifest.xml:202:13-49
	android:theme
		ADDED from src\main\AndroidManifest.xml:201:13-54
	android:name
		ADDED from src\main\AndroidManifest.xml:200:19-38
activity#com.example.analizator.Bluetooth
ADDED from src\main\AndroidManifest.xml:210:9-218:20
	android:label
		ADDED from src\main\AndroidManifest.xml:213:13-51
	android:icon
		ADDED from src\main\AndroidManifest.xml:212:13-56
	android:theme
		ADDED from src\main\AndroidManifest.xml:211:13-54
	android:name
		ADDED from src\main\AndroidManifest.xml:210:19-44
activity#com.example.analizator.Glosnosc
ADDED from src\main\AndroidManifest.xml:220:9-228:20
	android:label
		ADDED from src\main\AndroidManifest.xml:223:13-50
	android:icon
		ADDED from src\main\AndroidManifest.xml:222:13-55
	android:theme
		ADDED from src\main\AndroidManifest.xml:221:13-54
	android:name
		ADDED from src\main\AndroidManifest.xml:220:19-43
meta-data#com.google.android.gms.version
ADDED from src\main\AndroidManifest.xml:231:9-233:69
MERGED from [com.google.android.gms:play-services-basement:8.4.0] AndroidManifest.xml:21:9-23:69
MERGED from [com.google.android.gms:play-services-basement:8.4.0] AndroidManifest.xml:21:9-23:69
	android:value
		ADDED from src\main\AndroidManifest.xml:233:13-66
	android:name
		ADDED from src\main\AndroidManifest.xml:232:13-58